[2020-03-29T03:36:31.111782+02:00] phoenix_quiz_logger.INFO: ZHAOSHENG LIU has logged out  [] []
[2020-03-29T03:39:04.258269+02:00] phoenix_quiz_logger.INFO: ZHAOSHENG LIU has logged out  [] []
[2020-03-29T03:40:59.457890+02:00] phoenix_quiz_logger.INFO: ZHAOSHENG LIU has logged in  [] []
[2020-03-29T03:41:13.121475+02:00] phoenix_quiz_logger.INFO: ZHAOSHENG LIU has logged out  [] []
[2020-03-29T03:41:50.901427+02:00] phoenix_quiz_logger.INFO:  has registered  [] []
[2020-03-29T03:45:02.934626+02:00] phoenix_quiz_logger.INFO: Zhilin has registered  [] []
[2020-03-29T03:45:47.905757+02:00] phoenix_quiz_logger.INFO:  has logged out  [] []
[2020-03-29T03:47:17.127150+02:00] phoenix_quiz_logger.INFO: Zhaosheng has registered  [] []
[2020-03-29T03:47:35.074620+02:00] phoenix_quiz_logger.INFO: Zhaosheng has logged in  [] []
[2020-03-29T03:47:41.789125+02:00] phoenix_quiz_logger.INFO: Zhaosheng has logged out  [] []
[2020-03-29T17:56:33.460981+02:00] phoenix_quiz_logger.INFO: zhilin has registered  [] []
[2020-03-30T02:11:09.756543+02:00] phoenix_quiz_logger.INFO: zhilin has registered  [] []
[2020-03-30T02:11:54.418536+02:00] phoenix_quiz_logger.INFO: zhilin has registered  [] []
[2020-03-30T02:12:50.435215+02:00] phoenix_quiz_logger.INFO: zhilin lin has registered  [] []
[2020-03-30T02:13:08.990033+02:00] phoenix_quiz_logger.INFO: zhilin lin has logged in  [] []
[2020-03-30T08:11:45.637562+02:00] phoenix_quiz_logger.INFO: Zhaosheng has logged in  [] []
[2020-03-31T00:48:35.708040+02:00] phoenix_quiz_logger.INFO: zhilin lin has logged in  [] []
[2020-04-01T17:27:50.321932+02:00] phoenix_quiz_logger.INFO: zhilin lin has logged out  [] []
[2020-04-01T18:09:10.252214+02:00] phoenix_quiz_logger.INFO: Zhilin has logged in  [] []
[2020-04-01T18:17:59.439494+02:00] phoenix_quiz_logger.INFO: Zhilin has logged out  [] []
[2020-04-01T18:18:34.704131+02:00] phoenix_quiz_logger.INFO: zhilin has registered  [] []
[2020-04-01T18:18:50.058968+02:00] phoenix_quiz_logger.INFO: zhilin has logged in  [] []
[2020-04-01T18:26:14.356312+02:00] phoenix_quiz_logger.INFO: zhilin has logged out  [] []
